<?xml version="1.0" encoding="utf-8"?><testsuites name="pytest tests"><testsuite name="pytest" errors="0" failures="0" skipped="0" tests="10" time="3.562" timestamp="2026-06-01T00:05:42.771321+00:00" hostname="agent-env-7d6c6a7e-8004-4d6b-ad65-b1f134c389d5"><testcase classname="backend.tests.test_sync_api.TestSyncProtocol" name="test_get_empty_returns_null" time="0.489" /><testcase classname="backend.tests.test_sync_api.TestSyncProtocol" name="test_put_then_get_persists" time="0.298" /><testcase classname="backend.tests.test_sync_api.TestSyncProtocol" name="test_put_overwrite_updates_timestamp" time="0.397" /><testcase classname="backend.tests.test_sync_api.TestSyncProtocol" name="test_delete_clears" time="0.350" /><testcase classname="backend.tests.test_sync_api.TestSyncAgenda" name="test_put_then_get" time="0.294" /><testcase classname="backend.tests.test_sync_api.TestSyncValidation" name="test_invalid_key_get" time="0.242" /><testcase classname="backend.tests.test_sync_api.TestSyncValidation" name="test_invalid_key_put" time="0.250" /><testcase classname="backend.tests.test_sync_api.TestSyncValidation" name="test_invalid_key_delete" time="0.240" /><testcase classname="backend.tests.test_sync_api.TestSyncValidation" name="test_missing_data_field_rejected" time="0.248" /><testcase classname="backend.tests.test_sync_api.TestIsolation" name="test_protocol_and_agenda_independent" time="0.505" /></testsuite></testsuites>